Messenger/app/proguard-rules.pro
# Add project specific ProGuard rules here.
# By default, the flags in this file are appended to flags specified
# in /Applications/Android Studio.app/sdk/tools/proguard/proguard-android.txt
# You can edit the include path and order by changing the proguardFiles
# directive in build.gradle.
#
# For more details, see
#   http://developer.android.com/guide/developing/tools/proguard.html

# Add any project specific keep options here:

# If your project uses WebView with JS, uncomment the following
# and specify the fully qualified class name to the JavaScript interface
# class:
#-keepclassmembers class fqcn.of.javascript.interface.for.webview {
#   public *;
#}

## Chirp SDK Interface
-keep !abstract class io.chirp.sdk** { *; }

## Chirp SDK Engine
-keep class io.chirp.chirpengine** { *; }

## For Joda Time 2.3
-dontwarn org.joda.convert.**
-dontwarn org.joda.time.**
-keep class org.joda.time.** { *; }
-keep interface org.joda.time.** { *; }

## For OrmLite
-keep class com.j256.**
-keepclassmembers class com.j256.** { *; }
-keep enum com.j256.**
-keepclassmembers enum com.j256.** { *; }
-keep interface com.j256.**
-keepclassmembers interface com.j256.** { *; }

# OkHttp3
-keepattributes Signature
-keepattributes *Annotation*
-keep class okhttp3.** { *; }
-keep interface okhttp3.** { *; }
-dontwarn okhttp3.**

## For Okio
-dontwarn okio.**

# Retrofit 2.X
## https://square.github.io/retrofit/ ##
-dontwarn retrofit2.**
-keep class retrofit2.** { *; }
-keepattributes Signature
-keepattributes Exceptions

-keepclasseswithmembers class * {
    @retrofit2.http.* <methods>;
}