Messenger/app/build/outputs/mapping/debug/seeds.txt
io.chirp.messenger.ChirpMessage$Type: io.chirp.messenger.ChirpMessage$Type[] values()
io.chirp.messenger.ChirpMessage$Type: io.chirp.messenger.ChirpMessage$Type valueOf(java.lang.String)
io.chirp.messenger.MainActivity
io.chirp.messenger.MainActivity: MainActivity()
io.chirp.messenger.MainActivity: void onClick(android.view.View)
io.chirp.messenger.MessengerApplication
io.chirp.messenger.MessengerApplication: MessengerApplication()
io.chirp.messenger.R$anim: int abc_fade_in
io.chirp.messenger.R$anim: int abc_fade_out
io.chirp.messenger.R$anim: int abc_grow_fade_in_from_bottom
io.chirp.messenger.R$anim: int abc_popup_enter
io.chirp.messenger.R$anim: int abc_popup_exit
io.chirp.messenger.R$anim: int abc_shrink_fade_out_from_bottom
io.chirp.messenger.R$anim: int abc_slide_in_bottom
io.chirp.messenger.R$anim: int abc_slide_in_top
io.chirp.messenger.R$anim: int abc_slide_out_bottom
io.chirp.messenger.R$anim: int abc_slide_out_top
io.chirp.messenger.R$attr: int actionBarDivider
io.chirp.messenger.R$attr: int actionBarItemBackground
io.chirp.messenger.R$attr: int actionBarPopupTheme
io.chirp.messenger.R$attr: int actionBarSize
io.chirp.messenger.R$attr: int actionBarSplitStyle
io.chirp.messenger.R$attr: int actionBarStyle
io.chirp.messenger.R$attr: int actionBarTabBarStyle
io.chirp.messenger.R$attr: int actionBarTabStyle
io.chirp.messenger.R$attr: int actionBarTabTextStyle
io.chirp.messenger.R$attr: int actionBarTheme
io.chirp.messenger.R$attr: int actionBarWidgetTheme
io.chirp.messenger.R$attr: int actionButtonStyle
io.chirp.messenger.R$attr: int actionDropDownStyle
io.chirp.messenger.R$attr: int actionLayout
io.chirp.messenger.R$attr: int actionMenuTextAppearance
io.chirp.messenger.R$attr: int actionMenuTextColor
io.chirp.messenger.R$attr: int actionModeBackground
io.chirp.messenger.R$attr: int actionModeCloseButtonStyle
io.chirp.messenger.R$attr: int actionModeCloseDrawable
io.chirp.messenger.R$attr: int actionModeCopyDrawable
io.chirp.messenger.R$attr: int actionModeCutDrawable
io.chirp.messenger.R$attr: int actionModeFindDrawable
io.chirp.messenger.R$attr: int actionModePasteDrawable
io.chirp.messenger.R$attr: int actionModePopupWindowStyle
io.chirp.messenger.R$attr: int actionModeSelectAllDrawable
io.chirp.messenger.R$attr: int actionModeShareDrawable
io.chirp.messenger.R$attr: int actionModeSplitBackground
io.chirp.messenger.R$attr: int actionModeStyle
io.chirp.messenger.R$bool: int abc_action_bar_embed_tabs
io.chirp.messenger.R$bool: int abc_action_bar_embed_tabs_pre_jb
io.chirp.messenger.R$bool: int abc_action_bar_expanded_action_views_exclusive
io.chirp.messenger.R$bool: int abc_allow_stacked_button_bar
io.chirp.messenger.R$bool: int abc_config_actionMenuItemAllCaps
io.chirp.messenger.R$bool: int abc_config_allowActionMenuItemTextWithIcon
io.chirp.messenger.R$bool: int abc_config_closeDialogWhenTouchOutside
io.chirp.messenger.R$bool: int abc_config_showMenuShortcutsWhenKeyboardPresent
...
com.j256.ormlite.misc.VersionUtils
com.j256.ormlite.misc.VersionUtils: java.lang.String CORE_VERSION
com.j256.ormlite.misc.VersionUtils: com.j256.ormlite.logger.Logger logger
com.j256.ormlite.misc.VersionUtils: boolean thrownOnErrors
com.j256.ormlite.misc.VersionUtils: java.lang.String coreVersion
com.j256.ormlite.misc.VersionUtils: VersionUtils()
com.j256.ormlite.misc.VersionUtils: void checkCoreVersusJdbcVersions(java.lang.String)
com.j256.ormlite.misc.VersionUtils: void checkCoreVersusAndroidVersions(java.lang.String)
com.j256.ormlite.misc.VersionUtils: java.lang.String getCoreVersion()
com.j256.ormlite.misc.VersionUtils: void setThrownOnErrors(boolean)
com.j256.ormlite.misc.VersionUtils: void logVersionWarnings(java.lang.String,java.lang.String,java.lang.String,java.lang.String)
com.j256.ormlite.misc.VersionUtils: void warning(java.lang.Throwable,java.lang.String,java.lang.String,java.lang.Object[])
com.j256.ormlite.misc.VersionUtils: com.j256.ormlite.logger.Logger getLogger()
com.j256.ormlite.misc.VersionUtils: void <clinit>()
com.j256.ormlite.stmt.ArgumentHolder
com.j256.ormlite.stmt.ArgumentHolder: java.lang.String getColumnName()
com.j256.ormlite.stmt.ArgumentHolder: void setMetaInfo(java.lang.String)
com.j256.ormlite.stmt.ArgumentHolder: void setMetaInfo(com.j256.ormlite.field.FieldType)
com.j256.ormlite.stmt.ArgumentHolder: void setMetaInfo(java.lang.String,com.j256.ormlite.field.FieldType)
com.j256.ormlite.stmt.ArgumentHolder: void setValue(java.lang.Object)
com.j256.ormlite.stmt.ArgumentHolder: java.lang.Object getSqlArgValue()
com.j256.ormlite.stmt.ArgumentHolder: com.j256.ormlite.field.SqlType getSqlType()
com.j256.ormlite.stmt.ArgumentHolder: com.j256.ormlite.field.FieldType getFieldType()
com.j256.ormlite.stmt.BaseArgumentHolder
com.j256.ormlite.stmt.BaseArgumentHolder: java.lang.String columnName
com.j256.ormlite.stmt.BaseArgumentHolder: com.j256.ormlite.field.FieldType fieldType
com.j256.ormlite.stmt.BaseArgumentHolder: com.j256.ormlite.field.SqlType sqlType
com.j256.ormlite.stmt.BaseArgumentHolder: BaseArgumentHolder()
com.j256.ormlite.stmt.BaseArgumentHolder: BaseArgumentHolder(java.lang.String)
com.j256.ormlite.stmt.BaseArgumentHolder: BaseArgumentHolder(com.j256.ormlite.field.SqlType)
com.j256.ormlite.stmt.BaseArgumentHolder: java.lang.Object getValue()
com.j256.ormlite.stmt.BaseArgumentHolder: void setValue(java.lang.Object)
com.j256.ormlite.stmt.BaseArgumentHolder: boolean isValueSet()
com.j256.ormlite.stmt.BaseArgumentHolder: java.lang.String getColumnName()
com.j256.ormlite.stmt.BaseArgumentHolder: void setMetaInfo(java.lang.String)
com.j256.ormlite.stmt.BaseArgumentHolder: void setMetaInfo(com.j256.ormlite.field.FieldType)
com.j256.ormlite.stmt.BaseArgumentHolder: void setMetaInfo(java.lang.String,com.j256.ormlite.field.FieldType)
com.j256.ormlite.stmt.BaseArgumentHolder: java.lang.Object getSqlArgValue()
com.j256.ormlite.stmt.BaseArgumentHolder: com.j256.ormlite.field.FieldType getFieldType()
com.j256.ormlite.stmt.BaseArgumentHolder: com.j256.ormlite.field.SqlType getSqlType()
com.j256.ormlite.stmt.BaseArgumentHolder: java.lang.String toString()
com.j256.ormlite.stmt.ColumnArg
com.j256.ormlite.stmt.ColumnArg: java.lang.String tableName
com.j256.ormlite.stmt.ColumnArg: java.lang.String columnName
com.j256.ormlite.stmt.ColumnArg: ColumnArg(java.lang.String)
com.j256.ormlite.stmt.ColumnArg: ColumnArg(java.lang.String,java.lang.String)
com.j256.ormlite.stmt.ColumnArg: java.lang.String getTableName()
com.j256.ormlite.stmt.ColumnArg: java.lang.String getColumnName()