Messenger/app/build/outputs/mapping/debug/mapping.txt
io.chirp.messenger.ChirpMessage -> io.chirp.messenger.a:
    io.chirp.messenger.ChirpMessage$Type type -> a
    java.lang.String message -> b
    java.lang.String identifier -> c
    void <init>(io.chirp.messenger.ChirpMessage$Type,java.lang.String,java.lang.String) -> <init>
    java.lang.String getMessage() -> a
    io.chirp.messenger.ChirpMessage$Type getType() -> b
    java.lang.String getIdentifier() -> c
io.chirp.messenger.ChirpMessage$Type -> io.chirp.messenger.b:
    io.chirp.messenger.ChirpMessage$Type RECEIVED -> a
    io.chirp.messenger.ChirpMessage$Type SENT -> b
    io.chirp.messenger.ChirpMessage$Type[] $VALUES -> c
    io.chirp.messenger.ChirpMessage$Type[] values() -> values
    io.chirp.messenger.ChirpMessage$Type valueOf(java.lang.String) -> valueOf
    void <init>(java.lang.String,int) -> <init>
    void <clinit>() -> <clinit>
io.chirp.messenger.MainActivity -> io.chirp.messenger.MainActivity:
    io.chirp.messenger.MessengerApplication app -> j
    io.chirp.sdk.ChirpSDK chirpSDK -> k
    io.chirp.sdk.ChirpSDKListener chirpSDKListener -> l
    void <init>() -> <init>
    void onCreate(android.os.Bundle) -> onCreate
    boolean doWeHaveRecordAudioPermission() -> j
    void onResume() -> onResume
    void onPause() -> onPause
    void onClick(android.view.View) -> onClick
    void readChirp(io.chirp.sdk.model.Chirp) -> a
    void access$000(io.chirp.messenger.MainActivity,io.chirp.sdk.model.Chirp) -> a
    io.chirp.sdk.ChirpSDK access$100(io.chirp.messenger.MainActivity) -> a
    io.chirp.messenger.MessengerApplication access$200(io.chirp.messenger.MainActivity) -> b
io.chirp.messenger.MainActivity$1 -> io.chirp.messenger.c:
    io.chirp.messenger.MainActivity this$0 -> a
    void <init>(io.chirp.messenger.MainActivity) -> <init>
    void onChirpHeard(io.chirp.sdk.model.Chirp) -> a
    void onChirpHearStarted() -> a
    void onChirpHearFailed() -> b
    void onChirpError(io.chirp.sdk.model.ChirpError) -> a
io.chirp.messenger.MainActivity$2 -> io.chirp.messenger.d:
    io.chirp.messenger.MainActivity this$0 -> a
    void <init>(io.chirp.messenger.MainActivity) -> <init>
    void onItemClick(android.widget.AdapterView,android.view.View,int,long) -> onItemClick
io.chirp.messenger.MainActivity$4 -> io.chirp.messenger.e:
    io.chirp.messenger.MainActivity this$0 -> a
    void <init>(io.chirp.messenger.MainActivity) -> <init>
    void onReadResponse(io.chirp.sdk.model.Chirp) -> a
    void onReadError(io.chirp.sdk.model.ChirpError) -> a
io.chirp.messenger.MainActivity$4$1 -> io.chirp.messenger.f:
    io.chirp.sdk.model.Chirp val$chirp -> a
    io.chirp.messenger.MainActivity$4 this$1 -> b
    void <init>(io.chirp.messenger.MainActivity$4,io.chirp.sdk.model.Chirp) -> <init>
    void run() -> run
io.chirp.messenger.MainActivity$4$2 -> io.chirp.messenger.g:
    io.chirp.messenger.MainActivity$4 this$1 -> a
    void <init>(io.chirp.messenger.MainActivity$4) -> <init>
    void run() -> run
io.chirp.messenger.MessageArrayAdapter -> io.chirp.messenger.h:
    void <init>(android.content.Context,int,java.util.ArrayList) -> <init>
    android.view.View getView(int,android.view.View,android.view.ViewGroup) -> getView
io.chirp.messenger.MessageArrayAdapter$1 -> io.chirp.messenger.i:
    int[] $SwitchMap$io$chirp$messenger$ChirpMessage$Type -> a
    void <clinit>() -> <clinit>
io.chirp.messenger.MessengerApplication -> io.chirp.messenger.MessengerApplication:
    java.util.ArrayList arrayList -> b
    io.chirp.messenger.MessageArrayAdapter adapter -> a
    void <init>() -> <init>
    void onCreate() -> onCreate
...
io.chirp.sdk.entity.ChirpRequestData -> io.chirp.sdk.entity.ChirpRequestData:
    org.json.JSONObject data -> data
    void <init>(org.json.JSONObject) -> <init>
    boolean equals(java.lang.Object) -> equals
    int hashCode() -> hashCode
    org.json.JSONObject constructJsonOject() -> constructJsonOject
    org.json.JSONObject toJsonObject() -> toJsonObject
io.chirp.sdk.entity.PermissionsData -> io.chirp.sdk.entity.PermissionsData:
    boolean enabled -> enabled
    java.lang.String[] chirps -> chirps
    java.lang.String[] analytics -> analytics
    java.lang.String[] protocols -> protocols
    void <init>(boolean,java.lang.String[],java.lang.String[],java.lang.String[]) -> <init>
    boolean hasAnalyticsPermission() -> hasAnalyticsPermission
    boolean hasChirpsPermission(java.lang.String) -> hasChirpsPermission
    boolean hasSetProtocolPermission() -> hasSetProtocolPermission
    io.chirp.sdk.entity.PermissionsData getDefaultPermissionsData() -> getDefaultPermissionsData
    io.chirp.sdk.entity.PermissionsData getDeniedPermissionsData() -> getDeniedPermissionsData
    boolean equals(java.lang.Object) -> equals
    int hashCode() -> hashCode
io.chirp.sdk.helpers.ChirpErrorFactory -> io.chirp.sdk.helpers.ChirpErrorFactory:
    java.lang.String messageSuffix -> messageSuffix
    void <init>() -> <init>
    io.chirp.sdk.model.ChirpError createChirpError(java.lang.String,int) -> createChirpError
    io.chirp.sdk.model.ChirpError createChirpErrorFromAPIError(io.chirp.sdk.entity.ChirpAPIError) -> createChirpErrorFromAPIError
    io.chirp.sdk.model.ChirpError createChirpErrorFromAudioError(io.chirp.sdk.boundary.ChirpAudioError) -> createChirpErrorFromAudioError
    io.chirp.sdk.model.ChirpError createInvalidCredentialsError() -> createInvalidCredentialsError
    io.chirp.sdk.model.ChirpError createPermissionsSayError() -> createPermissionsSayError
    io.chirp.sdk.model.ChirpError createPermissionsHearError() -> createPermissionsHearError
    io.chirp.sdk.model.ChirpError createDeviceIsMutedError() -> createDeviceIsMutedError
    io.chirp.sdk.model.ChirpError createIdentifierIsInvalid() -> createIdentifierIsInvalid
    io.chirp.sdk.model.ChirpError createInStreamModeError() -> createInStreamModeError
    java.lang.String createFullErrorMessage(java.lang.String,int) -> createFullErrorMessage
io.chirp.sdk.helpers.ConnectivityAdapter -> io.chirp.sdk.helpers.ConnectivityAdapter:
    void <init>() -> <init>
    boolean isOnline(android.content.Context) -> isOnline
io.chirp.sdk.helpers.DateTimeHelper -> io.chirp.sdk.helpers.DateTimeHelper:
    org.joda.time.format.DateTimeFormatter dateTimeFormatter -> dateTimeFormatter
    void <init>() -> <init>
    long convertIso8601ToTimestamp(java.lang.String) -> convertIso8601ToTimestamp
    java.lang.String convertToIso8601(long) -> convertToIso8601
    void <clinit>() -> <clinit>
io.chirp.sdk.helpers.DeviceHelper -> io.chirp.sdk.helpers.DeviceHelper:
    void <init>() -> <init>
    boolean isEmulator() -> isEmulator
io.chirp.sdk.helpers.PermissionHelper -> io.chirp.sdk.helpers.PermissionHelper:
    void <init>() -> <init>
    boolean doWeHaveAudioRecordPermission(android.content.Context) -> doWeHaveAudioRecordPermission
io.chirp.sdk.helpers.PriorityWorkerThread -> io.chirp.sdk.helpers.PriorityWorkerThread:
    android.os.Handler handler -> handler
    void <init>() -> <init>
    void run() -> run
io.chirp.sdk.helpers.RingBuffer -> io.chirp.sdk.helpers.RingBuffer:
    short[] elements -> elements
    int capacity -> capacity
    int writePos -> writePos
    int available -> available
    void <init>(int) -> <init>
    void reset() -> reset
    boolean put(short) -> put
    int put(short[]) -> put
    int put(short[],int) -> put
    short take() -> take
    int take(short[]) -> take
    int take(short[],int) -> take