Messenger/app/build/outputs/mapping/debug/usage.txt
io.chirp.messenger.BuildConfig
io.chirp.messenger.MainActivity:
    private static final int RESULT_REQUEST_RECORD_AUDIO
    private static final java.lang.String TAG
    186:222:private void createChirp(org.json.JSONObject,java.lang.String)
io.chirp.messenger.MainActivity$3
io.chirp.messenger.MainActivity$3$1
io.chirp.messenger.MainActivity$3$2
io.chirp.messenger.R
io.chirp.messenger.R$anim
io.chirp.messenger.R$attr
io.chirp.messenger.R$bool
io.chirp.messenger.R$color
io.chirp.messenger.R$dimen
io.chirp.messenger.R$drawable
io.chirp.messenger.R$id
io.chirp.messenger.R$integer
io.chirp.messenger.R$layout
io.chirp.messenger.R$mipmap
io.chirp.messenger.R$string
io.chirp.messenger.R$style
io.chirp.messenger.R$styleable
...
android.support.v7.widget.SearchView$12
android.support.v7.widget.SearchView$2
android.support.v7.widget.SearchView$3
android.support.v7.widget.SearchView$4
android.support.v7.widget.SearchView$5
android.support.v7.widget.SearchView$6
android.support.v7.widget.SearchView$7
android.support.v7.widget.SearchView$8
android.support.v7.widget.SearchView$9
android.support.v7.widget.SearchView$AutoCompleteTextViewReflector:
    1812:1822:void showSoftInputUnchecked(android.view.inputmethod.InputMethodManager,android.view.View,int)
android.support.v7.widget.SearchView$OnQueryTextListener:
    public abstract boolean onQueryTextChange(java.lang.String)
android.support.v7.widget.SearchView$OnSuggestionListener:
    public abstract boolean onSuggestionSelect(int)
    public abstract boolean onSuggestionClick(int)
android.support.v7.widget.SearchView$SearchAutoComplete:
    1665:1665:private boolean isEmpty()
    1633:1633:static synthetic boolean access$1600(android.support.v7.widget.SearchView$SearchAutoComplete)
android.support.v7.widget.ShareActionProvider
android.support.v7.widget.ShareActionProvider$1
android.support.v7.widget.ShareActionProvider$OnShareTargetSelectedListener
android.support.v7.widget.ShareActionProvider$ShareActivityChooserModelPolicy
android.support.v7.widget.ShareActionProvider$ShareMenuItemOnMenuItemClickListener
android.support.v7.widget.SuggestionsAdapter:
    private static final boolean DBG
    private static final java.lang.String LOG_TAG
    private static final int QUERY_LIMIT
    static final int REFINE_NONE
    static final int REFINE_BY_ENTRY
    static final int REFINE_ALL
    static final int INVALID_INDEX
    126:126:public int getQueryRefinement()
    174:176:public void close()
android.support.v7.widget.SwitchCompat
android.support.v7.widget.SwitchCompat$1
android.support.v7.widget.SwitchCompat$ThumbAnimation
android.support.v7.widget.ThemeUtils:
    26:26:ThemeUtils()
    45:59:public static android.content.res.ColorStateList createDisabledStateList(int,int)
android.support.v7.widget.ThemedSpinnerAdapter$Helper
android.support.v7.widget.TintManager:
    private static final java.lang.String TAG
    private static final boolean DEBUG
android.support.v7.widget.TintTypedArray:
    79:79:public int length()
    83:83:public int getIndexCount()
    87:87:public int getIndex(int)
    91:91:public android.content.res.Resources getResources()
    103:103:public java.lang.String getNonResourceString(int)
    123:123:public android.content.res.ColorStateList getColorStateList(int)
    131:131:public float getDimension(int,float)
    143:143:public int getLayoutDimension(int,java.lang.String)
    151:151:public float getFraction(int,int,int,float)
    159:159:public java.lang.CharSequence[] getTextArray(int)
    163:163:public boolean getValue(int,android.util.TypedValue)
    167:167:public int getType(int)
    175:175:public android.util.TypedValue peekValue(int)
    179:179:public java.lang.String getPositionDescription()
    187:187:public int getChangingConfigurations()
android.support.v7.widget.Toolbar:
    private static final java.lang.String TAG
    437:452:public boolean isTitleTruncated()
    903:904:public void inflateMenu(int)
    993:994:public void setContentInsetsAbsolute(int,int)
    1773:1773:private static boolean isCustomView(android.view.View)
android.support.v7.widget.Toolbar$ExpandedActionViewMenuPresenter:
    1956:1956:public android.support.v7.view.menu.MenuView getMenuView(android.view.ViewGroup)
    1985:1985:public void setCallback(android.support.v7.view.menu.MenuPresenter$Callback)
    2050:2050:public int getId()
    2055:2055:public android.os.Parcelable onSaveInstanceState()
    2060:2060:public void onRestoreInstanceState(android.os.Parcelable)